# JRE version: Java(TM) SE Runtime Environment (8.0_101-b13) (build 1.8.0_101-b13)
# Java VM: Java HotSpot(TM) 64-Bit Server VM (25.101-b13 mixed mode linux-amd64 compressed oops)
Heap:
 PSYoungGen      total 102400K, used 39451K [0x00000000d7100000, 0x00000000dd980000, 0x0000000100000000)
  eden space 99840K, 37% used [0x00000000d7100000,0x00000000d9595a48,0x00000000dd280000)
  from space 2560K, 77% used [0x00000000dd700000,0x00000000dd8f1590,0x00000000dd980000)
  to   space 3584K, 0% used [0x00000000dd280000,0x00000000dd280000,0x00000000dd600000)
 ParOldGen       total 148480K, used 70452K [0x0000000085200000, 0x000000008e300000, 0x00000000d7100000)
  object space 148480K, 47% used [0x0000000085200000,0x00000000896cd268,0x000000008e300000)
 Metaspace       used 19248K, capacity 19510K, committed 19712K, reserved 1067008K
  class space    used 2177K, capacity 2268K, committed 2304K, reserved 1048576K
GC Heap History (10 events):
Event: 1,414 GC heap before
{Heap before GC invocations=4 (full 1):
 PSYoungGen      total 36864K, used 2736K [0x00000000d7100000, 0x00000000db900000, 0x0000000100000000)
  eden space 31744K, 0% used [0x00000000d7100000,0x00000000d7100000,0x00000000d9000000)
  from space 5120K, 53% used [0x00000000d9000000,0x00000000d92ac3c0,0x00000000d9500000)
  to   space 5120K, 0% used [0x00000000db400000,0x00000000db400000,0x00000000db900000)
 ParOldGen       total 84992K, used 67369K [0x0000000085200000, 0x000000008a500000, 0x00000000d7100000)
  object space 84992K, 79% used [0x0000000085200000,0x00000000893ca670,0x000000008a500000)
 Metaspace       used 13061K, capacity 13298K, committed 13440K, reserved 1060864K
  class space    used 1487K, capacity 1550K, committed 1664K, reserved 1048576K
Event: 1,437 GC heap after
Heap after GC invocations=4 (full 1):
 PSYoungGen      total 36864K, used 0K [0x00000000d7100000, 0x00000000db900000, 0x0000000100000000)
  eden space 31744K, 0% used [0x00000000d7100000,0x00000000d7100000,0x00000000d9000000)
  from space 5120K, 0% used [0x00000000d9000000,0x00000000d9000000,0x00000000d9500000)
  to   space 5120K, 0% used [0x00000000db400000,0x00000000db400000,0x00000000db900000)
 ParOldGen       total 113152K, used 25085K [0x0000000085200000, 0x000000008c080000, 0x00000000d7100000)
  object space 113152K, 22% used [0x0000000085200000,0x0000000086a7f410,0x000000008c080000)
 Metaspace       used 13061K, capacity 13298K, committed 13440K, reserved 1060864K
  class space    used 1487K, capacity 1550K, committed 1664K, reserved 1048576K
}
Event: 1,607 GC heap before
{Heap before GC invocations=5 (full 1):
 PSYoungGen      total 36864K, used 22806K [0x00000000d7100000, 0x00000000db900000, 0x0000000100000000)
  eden space 31744K, 71% used [0x00000000d7100000,0x00000000d8745a08,0x00000000d9000000)
  from space 5120K, 0% used [0x00000000d9000000,0x00000000d9000000,0x00000000d9500000)
  to   space 5120K, 0% used [0x00000000db400000,0x00000000db400000,0x00000000db900000)
 ParOldGen       total 113152K, used 25085K [0x0000000085200000, 0x000000008c080000, 0x00000000d7100000)
  object space 113152K, 22% used [0x0000000085200000,0x0000000086a7f410,0x000000008c080000)
 Metaspace       used 13061K, capacity 13298K, committed 13440K, reserved 1060864K
  class space    used 1487K, capacity 1550K, committed 1664K, reserved 1048576K
Event: 1,611 GC heap after
Heap after GC invocations=5 (full 1):
 PSYoungGen      total 57856K, used 192K [0x00000000d7100000, 0x00000000db480000, 0x0000000100000000)
  eden space 57344K, 0% used [0x00000000d7100000,0x00000000d7100000,0x00000000da900000)
  from space 512K, 37% used [0x00000000db400000,0x00000000db430000,0x00000000db480000)
  to   space 5120K, 0% used [0x00000000daa80000,0x00000000daa80000,0x00000000daf80000)
 ParOldGen       total 113152K, used 58721K [0x0000000085200000, 0x000000008c080000, 0x00000000d7100000)
  object space 113152K, 51% used [0x0000000085200000,0x0000000088b58740,0x000000008c080000)
 Metaspace       used 13061K, capacity 13298K, committed 13440K, reserved 1060864K
  class space    used 1487K, capacity 1550K, committed 1664K, reserved 1048576K
}
Event: 2,349 GC heap before
{Heap before GC invocations=6 (full 1):
 PSYoungGen      total 57856K, used 57536K [0x00000000d7100000, 0x00000000db480000, 0x0000000100000000)
  eden space 57344K, 100% used [0x00000000d7100000,0x00000000da900000,0x00000000da900000)
  from space 512K, 37% used [0x00000000db400000,0x00000000db430000,0x00000000db480000)
  to   space 5120K, 0% used [0x00000000daa80000,0x00000000daa80000,0x00000000daf80000)
 ParOldGen       total 113152K, used 58721K [0x0000000085200000, 0x000000008c080000, 0x00000000d7100000)
  object space 113152K, 51% used [0x0000000085200000,0x0000000088b58740,0x000000008c080000)
 Metaspace       used 13919K, capacity 14194K, committed 14336K, reserved 1062912K
  class space    used 1591K, capacity 1678K, committed 1792K, reserved 1048576K
Event: 2,357 GC heap after
Heap after GC invocations=6 (full 1):
 PSYoungGen      total 64000K, used 1120K [0x00000000d7100000, 0x00000000dda80000, 0x0000000100000000)
  eden space 58880K, 0% used [0x00000000d7100000,0x00000000d7100000,0x00000000daa80000)
  from space 5120K, 21% used [0x00000000daa80000,0x00000000dab98020,0x00000000daf80000)
  to   space 3584K, 0% used [0x00000000dd700000,0x00000000dd700000,0x00000000dda80000)
 ParOldGen       total 113152K, used 92366K [0x0000000085200000, 0x000000008c080000, 0x00000000d7100000)
  object space 113152K, 81% used [0x0000000085200000,0x000000008ac33a70,0x000000008c080000)
 Metaspace       used 13919K, capacity 14194K, committed 14336K, reserved 1062912K
  class space    used 1591K, capacity 1678K, committed 1792K, reserved 1048576K
}
Event: 2,357 GC heap before
{Heap before GC invocations=7 (full 2):
 PSYoungGen      total 64000K, used 1120K [0x00000000d7100000, 0x00000000dda80000, 0x0000000100000000)
  eden space 58880K, 0% used [0x00000000d7100000,0x00000000d7100000,0x00000000daa80000)
  from space 5120K, 21% used [0x00000000daa80000,0x00000000dab98020,0x00000000daf80000)
  to   space 3584K, 0% used [0x00000000dd700000,0x00000000dd700000,0x00000000dda80000)
 ParOldGen       total 113152K, used 92366K [0x0000000085200000, 0x000000008c080000, 0x00000000d7100000)
  object space 113152K, 81% used [0x0000000085200000,0x000000008ac33a70,0x000000008c080000)
 Metaspace       used 13919K, capacity 14194K, committed 14336K, reserved 1062912K
  class space    used 1591K, capacity 1678K, committed 1792K, reserved 1048576K
Event: 2,374 GC heap after
Heap after GC invocations=7 (full 2):
 PSYoungGen      total 64000K, used 0K [0x00000000d7100000, 0x00000000dda80000, 0x0000000100000000)
  eden space 58880K, 0% used [0x00000000d7100000,0x00000000d7100000,0x00000000daa80000)
  from space 5120K, 0% used [0x00000000daa80000,0x00000000daa80000,0x00000000daf80000)
  to   space 3584K, 0% used [0x00000000dd700000,0x00000000dd700000,0x00000000dda80000)
 ParOldGen       total 148480K, used 48536K [0x0000000085200000, 0x000000008e300000, 0x00000000d7100000)
  object space 148480K, 32% used [0x0000000085200000,0x0000000088166258,0x000000008e300000)
 Metaspace       used 13919K, capacity 14194K, committed 14336K, reserved 1062912K
  class space    used 1591K, capacity 1678K, committed 1792K, reserved 1048576K
}
Event: 7,313 GC heap before
{Heap before GC invocations=8 (full 2):
 PSYoungGen      total 64000K, used 52678K [0x00000000d7100000, 0x00000000dda80000, 0x0000000100000000)
  eden space 58880K, 89% used [0x00000000d7100000,0x00000000da4719c0,0x00000000daa80000)
  from space 5120K, 0% used [0x00000000daa80000,0x00000000daa80000,0x00000000daf80000)
  to   space 3584K, 0% used [0x00000000dd700000,0x00000000dd700000,0x00000000dda80000)
 ParOldGen       total 148480K, used 48536K [0x0000000085200000, 0x000000008e300000, 0x00000000d7100000)
  object space 148480K, 32% used [0x0000000085200000,0x0000000088166258,0x000000008e300000)
 Metaspace       used 17521K, capacity 17814K, committed 18048K, reserved 1064960K
  class space    used 2016K, capacity 2108K, committed 2176K, reserved 1048576K
Event: 7,321 GC heap after
Heap after GC invocations=8 (full 2):
 PSYoungGen      total 102400K, used 1989K [0x00000000d7100000, 0x00000000dd980000, 0x0000000100000000)
  eden space 99840K, 0% used [0x00000000d7100000,0x00000000d7100000,0x00000000dd280000)
  from space 2560K, 77% used [0x00000000dd700000,0x00000000dd8f1590,0x00000000dd980000)
  to   space 3584K, 0% used [0x00000000dd280000,0x00000000dd280000,0x00000000dd600000)
 ParOldGen       total 148480K, used 70452K [0x0000000085200000, 0x000000008e300000, 0x00000000d7100000)
  object space 148480K, 47% used [0x0000000085200000,0x00000000896cd268,0x000000008e300000)
 Metaspace       used 17521K, capacity 17814K, committed 18048K, reserved 1064960K
  class space    used 2016K, capacity 2108K, committed 2176K, reserved 1048576K
}

